<?xml version="1.0" encoding="UTF-8"?>
<!-- Generated by org.testng.reporters.JUnitReportReporter -->
<testsuite name="vice.test.testClass" tests="1" time="34.299" ignored="0" failures="0" timestamp="18 Feb 2017 22:23:13 GMT" skipped="0" hostname="Kyles-MacBook-Pro.local" errors="0">
  <testcase name="thetest" time="34.299" classname="vice.test.testClass"/>
</testsuite> <!-- vice.test.testClass -->
